<?xml version="1.0" encoding="UTF-8"?>
<testsuites name="Postman collection" tests="4" time="2.565">
  <testsuite name="GET with URL Params" id="2d5e50e0-a341-4a7d-853e-2a558c8494bb" timestamp="2023-03-13T15:38:34.741Z" tests="2" failures="0" errors="0" time="0.585">
    <testcase name="Status code is 200" time="0.585" classname="PostmanCollection"/>
    <testcase name="Your test name" time="0.585" classname="PostmanCollection"/>
  </testsuite>
  <testsuite name="POST with JSON body" id="c1ceed6d-fe23-4b0e-af07-0e157f312513" timestamp="2023-03-13T15:38:34.741Z" tests="1" failures="0" errors="0" time="0.266">
    <testcase name="Status code is 200" time="0.266" classname="PostmanCollection"/>
  </testsuite>
  <testsuite name="PUT with form data" id="bd4778e0-544b-4137-b8ea-e4f300a49f72" timestamp="2023-03-13T15:38:34.741Z" tests="2" failures="0" errors="0" time="1.318">
    <testcase name="Status code is 200" time="1.318" classname="PostmanCollection"/>
    <testcase name="Test form data" time="1.318" classname="PostmanCollection"/>
  </testsuite>
  <testsuite name="DELETE request" id="330f135a-579a-4b66-b695-db95efe312b9" timestamp="2023-03-13T15:38:34.741Z" tests="1" failures="0" errors="0" time="0.396">
    <testcase name="Status code is 200" time="0.396" classname="PostmanCollection"/>
  </testsuite>
</testsuites>